0 info it worked if it ends with ok
1 verbose cli [ '/usr/local/Cellar/node/6.5.0/bin/node',
1 verbose cli   '/Users/dorian/.node/lib/node_modules/npm/bin/npm-cli.js',
1 verbose cli   'run',
1 verbose cli   'release' ]
2 info using npm@4.0.5
3 info using node@v6.5.0
4 verbose run-script [ 'prerelease', 'release', 'postrelease' ]
5 info lifecycle style-loader@0.16.1~prerelease: style-loader@0.16.1
6 silly lifecycle style-loader@0.16.1~prerelease: no script for prerelease, continuing
7 info lifecycle style-loader@0.16.1~release: style-loader@0.16.1
8 verbose lifecycle style-loader@0.16.1~release: unsafe-perm in lifecycle true
9 verbose lifecycle style-loader@0.16.1~release: PATH: /Users/dorian/.node/lib/node_modules/npm/bin/node-gyp-bin:/Users/dorian/Development/Projects/style-loader/node_modules/.bin:/Users/dorian/.node/bin:/usr/local/bin:/usr/bin:/bin:/usr/sbin:/sbin
10 verbose lifecycle style-loader@0.16.1~release: CWD: /Users/dorian/Development/Projects/style-loader
11 silly lifecycle style-loader@0.16.1~release: Args: [ '-c', 'yarn run standard-version' ]
12 silly lifecycle style-loader@0.16.1~release: Returned: code: 1  signal: null
13 info lifecycle style-loader@0.16.1~release: Failed to exec release script
14 verbose stack Error: style-loader@0.16.1 release: `yarn run standard-version`
14 verbose stack Exit status 1
14 verbose stack     at EventEmitter.<anonymous> (/Users/dorian/.node/lib/node_modules/npm/lib/utils/lifecycle.js:279:16)
14 verbose stack     at emitTwo (events.js:106:13)
14 verbose stack     at EventEmitter.emit (events.js:191:7)
14 verbose stack     at ChildProcess.<anonymous> (/Users/dorian/.node/lib/node_modules/npm/lib/utils/spawn.js:40:14)
14 verbose stack     at emitTwo (events.js:106:13)
14 verbose stack     at ChildProcess.emit (events.js:191:7)
14 verbose stack     at maybeClose (internal/child_process.js:877:16)
14 verbose stack     at Process.ChildProcess._handle.onexit (internal/child_process.js:226:5)
15 verbose pkgid style-loader@0.16.1
16 verbose cwd /Users/dorian/Development/Projects/style-loader
17 error Darwin 15.5.0
18 error argv "/usr/local/Cellar/node/6.5.0/bin/node" "/Users/dorian/.node/lib/node_modules/npm/bin/npm-cli.js" "run" "release"
19 error node v6.5.0
20 error npm  v4.0.5
21 error code ELIFECYCLE
22 error style-loader@0.16.1 release: `yarn run standard-version`
22 error Exit status 1
23 error Failed at the style-loader@0.16.1 release script 'yarn run standard-version'.
23 error Make sure you have the latest version of node.js and npm installed.
23 error If you do, this is most likely a problem with the style-loader package,
23 error not with npm itself.
23 error Tell the author that this fails on your system:
23 error     yarn run standard-version
23 error You can get information on how to open an issue for this project with:
23 error     npm bugs style-loader
23 error Or if that isn't available, you can get their info via:
23 error     npm owner ls style-loader
23 error There is likely additional logging output above.
24 verbose exit [ 1, true ]
